[debug] [2026-02-22T11:36:31.544Z] ----------------------------------------------------------------------
[debug] [2026-02-22T11:36:31.546Z] Command:       /opt/homebrew/Cellar/node/24.9.0_1/bin/node /opt/homebrew/bin/firebase init
[debug] [2026-02-22T11:36:31.547Z] CLI Version:   15.7.0
[debug] [2026-02-22T11:36:31.547Z] Platform:      darwin
[debug] [2026-02-22T11:36:31.547Z] Node Version:  v24.9.0
[debug] [2026-02-22T11:36:31.547Z] Time:          Sun Feb 22 2026 17:06:31 GMT+0530 (India Standard Time)
[debug] [2026-02-22T11:36:31.547Z] ----------------------------------------------------------------------
[debug] 
[info] 
     ######## #### ########  ######## ########     ###     ######  ########
     ##        ##  ##     ## ##       ##     ##  ##   ##  ##       ##
     ######    ##  ########  ######   ########  #########  ######  ######
     ##        ##  ##    ##  ##       ##     ## ##     ##       ## ##
     ##       #### ##     ## ######## ########  ##     ##  ######  ########

You're about to initialize a Firebase project in this directory:

  /Users/mdriyaz/Downloads/ASSISTLINKFINAL-main

[debug] [2026-02-22T11:37:40.111Z] ExitPromptError: User force closed the prompt with SIGINT
    at Interface.sigint (/opt/homebrew/lib/node_modules/firebase-tools/node_modules/@inquirer/core/dist/commonjs/lib/create-prompt.js:101:37)
    at Interface.emit (node:events:508:28)
    at [_ttyWrite] [as _ttyWrite] (node:internal/readline/interface:1317:18)
    at ReadStream.onkeypress (node:internal/readline/interface:284:20)
    at ReadStream.emit (node:events:520:35)
    at emitKeys (node:internal/readline/utils:371:14)
    at emitKeys.next (<anonymous>)
    at ReadStream.onData (node:internal/readline/emitKeypressEvents:64:36)
    at ReadStream.emit (node:events:508:28)
    at addChunk (node:internal/streams/readable:559:12)
[error] 
[error] Error: An unexpected error has occurred.
